<?xml version="1.0" encoding="UTF-8"?>
<testsuite xmlns:xsi="http://www.w3.org/2001/XMLSchema-instance" xsi:noNamespaceSchemaLocation="https://maven.apache.org/surefire/maven-surefire-plugin/xsd/surefire-test-report.xsd" name="ucu.edu.uy.ta92022.AlmacenTest" time="0.054" tests="6" errors="0" skipped="0" failures="0">
  <properties>
[...]
</properties>
  <testcase name="testRestarStockUnStockMayor" classname="ucu.edu.uy.ta92022.AlmacenTest" time="0.025"/>
  <testcase name="testInsertarProducto" classname="ucu.edu.uy.ta92022.AlmacenTest" time="0"/>
  <testcase name="testBuscarPorCodigoNoExiste" classname="ucu.edu.uy.ta92022.AlmacenTest" time="0.001"/>
  <testcase name="testRestarStock" classname="ucu.edu.uy.ta92022.AlmacenTest" time="0.001"/>
  <testcase name="testEliminarProducto" classname="ucu.edu.uy.ta92022.AlmacenTest" time="0.001"/>
  <testcase name="testBuscarPorCodigoExiste" classname="ucu.edu.uy.ta92022.AlmacenTest" time="0"/>
</testsuite>