<?xml version="1.0" encoding="UTF-8"?>
<testsuite xmlns:xsi="http://www.w3.org/2001/XMLSchema-instance" xsi:noNamespaceSchemaLocation="https://maven.apache.org/surefire/maven-surefire-plugin/xsd/surefire-test-report.xsd" name="ut4_ta2.ut4.TArbolBBTest" time="0.042" tests="1" errors="1" skipped="0" failures="0">
  <properties>
[...]
</properties>
  <testcase name="testInsertar" classname="ut4_ta2.ut4.TArbolBBTest" time="0.023">
    <error message="Not supported yet." type="java.lang.UnsupportedOperationException">java.lang.UnsupportedOperationException: Not supported yet.
	at ut4_ta2.ut4.TArbolBBTest.testInsertar(TArbolBBTest.java:62)
</error>
  </testcase>
</testsuite>